[22:42:13.278] Global cache location '/home/alex/.cache/typescript/4.7', safe file path '/usr/lib/node_modules/typescript/lib/typingSafeList.json', types map path /usr/lib/node_modules/typescript/lib/typesMap.json
[22:42:13.280] Processing cache location '/home/alex/.cache/typescript/4.7'
[22:42:13.280] Trying to find '/home/alex/.cache/typescript/4.7/package.json'...
[22:42:13.284] Loaded content of '/home/alex/.cache/typescript/4.7/package.json': {"private":true,"dependencies":{"types-registry":"^0.1.626"},"devDependencies":{"@types/asn1":"^0.2.0","@types/assert-plus":"^1.0.4","@types/atpl":"^0.0.30","@types/aws4":"^1.11.2","@types/bluebird":"^3.5.37","@types/body-parser":"^1.19.2","@types/buffer-from":"^1.1.0","@types/bytes":"^3.1.1","@types/caseless":"^0.12.2","@types/combined-stream":"^1.0.3","@types/concat-stream":"^2.0.0","@types/consolidate":"^0.14.1","@types/content-type":"^1.1.5","@types/cors":"^2.8.12","@types/dashdash":"^1.14.1","@types/debug":"^4.1.7","@types/depd":"^1.1.32","@types/dot":"^1.1.5","@types/dustjs-linkedin":"^1.2.31","@types/ejs":"^3.1.1","@types/express":"^4.17.14","@types/extend":"^3.0.1","@types/extsprintf":"^1.4.2","@types/forever-agent":"^0.6.1","@types/getpass":"^0.1.1","@types/hogan.js":"^3.0.1","@types/http-errors":"^2.0.0","@types/inherits":"^0.0.30","@types/is-typedarray":"^1.0.0","@types/isstream":"^0.1.0","@types/jade":"^0.0.31","@types/jsbn":"^1.2.30","@types/json-schema":"^7.0.11","@types/json-stringify-safe":"^5.0.0","@types/jsrsasign":"^10.5.4","@types/lodash":"^4.14.191","@types/merge-descriptors":"^1.0.1","@types/mime-db":"^1.43.1","@types/mime-types":"^2.1.1","@types/mustache":"^4.2.1","@types/node":"^18.11.7","@types/nunjucks":"^3.2.1","@types/prettier":"^2.7.2","@types/psl":"^1.1.0","@types/punycode":"^2.1.0","@types/qs":"^6.9.7","@types/randombytes":"^2.0.0","@types/randomstring":"^1.1.8","@types/react":"^18.0.24","@types/readable-stream":"^2.3.14","@types/request":"^2.48.8","@types/request-promise":"^4.1.48","@types/safer-buffer":"^2.1.0","@types/serve-static":"^1.15.0","@types/sprintf-js":"^1.1.2","@types/sshpk":"^1.17.1","@types/swig":"^0.0.30","@types/tough-cookie":"^4.0.2","@types/type-is":"^1.6.3","@types/underscore":"^1.11.4","@types/underscore.string":"^0.0.38","@types/util-deprecate":"^1.0.0","@types/uuid":"^9.0.0","@types/verror":"^1.10.6"}}
[22:42:13.284] Loaded content of '/home/alex/.cache/typescript/4.7/package-lock.json'
[22:42:13.303] Adding entry into typings cache: 'asn1' => '/home/alex/.cache/typescript/4.7/node_modules/@types/asn1/index.d.ts'
[22:42:13.306] Adding entry into typings cache: 'assert-plus' => '/home/alex/.cache/typescript/4.7/node_modules/@types/assert-plus/index.d.ts'
[22:42:13.309] Adding entry into typings cache: 'atpl' => '/home/alex/.cache/typescript/4.7/node_modules/@types/atpl/index.d.ts'
[22:42:13.312] Adding entry into typings cache: 'aws4' => '/home/alex/.cache/typescript/4.7/node_modules/@types/aws4/index.d.ts'
[22:42:13.315] Adding entry into typings cache: 'bluebird' => '/home/alex/.cache/typescript/4.7/node_modules/@types/bluebird/index.d.ts'
[22:42:13.319] Adding entry into typings cache: 'body-parser' => '/home/alex/.cache/typescript/4.7/node_modules/@types/body-parser/index.d.ts'
[22:42:13.320] Adding entry into typings cache: 'buffer-from' => '/home/alex/.cache/typescript/4.7/node_modules/@types/buffer-from/index.d.ts'
[22:42:13.322] Adding entry into typings cache: 'bytes' => '/home/alex/.cache/typescript/4.7/node_modules/@types/bytes/index.d.ts'
[22:42:13.325] Adding entry into typings cache: 'caseless' => '/home/alex/.cache/typescript/4.7/node_modules/@types/caseless/index.d.ts'
[22:42:13.330] Adding entry into typings cache: 'combined-stream' => '/home/alex/.cache/typescript/4.7/node_modules/@types/combined-stream/index.d.ts'
[22:42:13.333] Adding entry into typings cache: 'concat-stream' => '/home/alex/.cache/typescript/4.7/node_modules/@types/concat-stream/index.d.ts'
[22:42:13.335] Adding entry into typings cache: 'consolidate' => '/home/alex/.cache/typescript/4.7/node_modules/@types/consolidate/index.d.ts'
[22:42:13.337] Adding entry into typings cache: 'content-type' => '/home/alex/.cache/typescript/4.7/node_modules/@types/content-type/index.d.ts'
[22:42:13.339] Adding entry into typings cache: 'cors' => '/home/alex/.cache/typescript/4.7/node_modules/@types/cors/index.d.ts'
[22:42:13.340] Adding entry into typings cache: 'dashdash' => '/home/alex/.cache/typescript/4.7/node_modules/@types/dashdash/index.d.ts'
[22:42:13.344] Adding entry into typings cache: 'debug' => '/home/alex/.cache/typescript/4.7/node_modules/@types/debug/index.d.ts'
[22:42:13.346] Adding entry into typings cache: 'depd' => '/home/alex/.cache/typescript/4.7/node_modules/@types/depd/index.d.ts'
[22:42:13.348] Adding entry into typings cache: 'dot' => '/home/alex/.cache/typescript/4.7/node_modules/@types/dot/index.d.ts'
[22:42:13.349] Adding entry into typings cache: 'dustjs-linkedin' => '/home/alex/.cache/typescript/4.7/node_modules/@types/dustjs-linkedin/index.d.ts'
[22:42:13.351] Adding entry into typings cache: 'ejs' => '/home/alex/.cache/typescript/4.7/node_modules/@types/ejs/index.d.ts'
[22:42:13.353] Adding entry into typings cache: 'express' => '/home/alex/.cache/typescript/4.7/node_modules/@types/express/index.d.ts'
[22:42:13.355] Adding entry into typings cache: 'extend' => '/home/alex/.cache/typescript/4.7/node_modules/@types/extend/index.d.ts'
[22:42:13.358] Adding entry into typings cache: 'extsprintf' => '/home/alex/.cache/typescript/4.7/node_modules/@types/extsprintf/index.d.ts'
[22:42:13.360] Adding entry into typings cache: 'forever-agent' => '/home/alex/.cache/typescript/4.7/node_modules/@types/forever-agent/index.d.ts'
[22:42:13.361] Adding entry into typings cache: 'getpass' => '/home/alex/.cache/typescript/4.7/node_modules/@types/getpass/index.d.ts'
[22:42:13.363] Adding entry into typings cache: 'hogan.js' => '/home/alex/.cache/typescript/4.7/node_modules/@types/hogan.js/index.d.ts'
[22:42:13.364] Adding entry into typings cache: 'http-errors' => '/home/alex/.cache/typescript/4.7/node_modules/@types/http-errors/index.d.ts'
[22:42:13.365] Adding entry into typings cache: 'inherits' => '/home/alex/.cache/typescript/4.7/node_modules/@types/inherits/index.d.ts'
[22:42:13.367] Adding entry into typings cache: 'is-typedarray' => '/home/alex/.cache/typescript/4.7/node_modules/@types/is-typedarray/index.d.ts'
[22:42:13.368] Adding entry into typings cache: 'isstream' => '/home/alex/.cache/typescript/4.7/node_modules/@types/isstream/index.d.ts'
[22:42:13.369] Adding entry into typings cache: 'jade' => '/home/alex/.cache/typescript/4.7/node_modules/@types/jade/index.d.ts'
[22:42:13.371] Adding entry into typings cache: 'jsbn' => '/home/alex/.cache/typescript/4.7/node_modules/@types/jsbn/index.d.ts'
[22:42:13.372] Adding entry into typings cache: 'json-schema' => '/home/alex/.cache/typescript/4.7/node_modules/@types/json-schema/index.d.ts'
[22:42:13.374] Adding entry into typings cache: 'json-stringify-safe' => '/home/alex/.cache/typescript/4.7/node_modules/@types/json-stringify-safe/index.d.ts'
[22:42:13.375] Adding entry into typings cache: 'jsrsasign' => '/home/alex/.cache/typescript/4.7/node_modules/@types/jsrsasign/index.d.ts'
[22:42:13.379] Adding entry into typings cache: 'lodash' => '/home/alex/.cache/typescript/4.7/node_modules/@types/lodash/index.d.ts'
[22:42:13.381] Adding entry into typings cache: 'merge-descriptors' => '/home/alex/.cache/typescript/4.7/node_modules/@types/merge-descriptors/index.d.ts'
[22:42:13.384] Adding entry into typings cache: 'mime-db' => '/home/alex/.cache/typescript/4.7/node_modules/@types/mime-db/index.d.ts'
[22:42:13.387] Adding entry into typings cache: 'mime-types' => '/home/alex/.cache/typescript/4.7/node_modules/@types/mime-types/index.d.ts'
[22:42:13.389] Adding entry into typings cache: 'mustache' => '/home/alex/.cache/typescript/4.7/node_modules/@types/mustache/index.d.ts'
[22:42:13.399] Adding entry into typings cache: 'node' => '/home/alex/.cache/typescript/4.7/node_modules/@types/node/ts4.8/index.d.ts'
[22:42:13.402] Adding entry into typings cache: 'nunjucks' => '/home/alex/.cache/typescript/4.7/node_modules/@types/nunjucks/index.d.ts'
[22:42:13.409] Adding entry into typings cache: 'prettier' => '/home/alex/.cache/typescript/4.7/node_modules/@types/prettier/index.d.ts'
[22:42:13.412] Adding entry into typings cache: 'psl' => '/home/alex/.cache/typescript/4.7/node_modules/@types/psl/index.d.ts'
[22:42:13.416] Adding entry into typings cache: 'punycode' => '/home/alex/.cache/typescript/4.7/node_modules/@types/punycode/index.d.ts'
[22:42:13.422] Adding entry into typings cache: 'qs' => '/home/alex/.cache/typescript/4.7/node_modules/@types/qs/index.d.ts'
[22:42:13.426] Adding entry into typings cache: 'randombytes' => '/home/alex/.cache/typescript/4.7/node_modules/@types/randombytes/index.d.ts'
[22:42:13.429] Adding entry into typings cache: 'randomstring' => '/home/alex/.cache/typescript/4.7/node_modules/@types/randomstring/index.d.ts'
[22:42:13.439] Adding entry into typings cache: 'react' => '/home/alex/.cache/typescript/4.7/node_modules/@types/react/index.d.ts'
[22:42:13.443] Adding entry into typings cache: 'readable-stream' => '/home/alex/.cache/typescript/4.7/node_modules/@types/readable-stream/index.d.ts'
[22:42:13.449] Adding entry into typings cache: 'request' => '/home/alex/.cache/typescript/4.7/node_modules/@types/request/index.d.ts'
[22:42:13.455] Adding entry into typings cache: 'request-promise' => '/home/alex/.cache/typescript/4.7/node_modules/@types/request-promise/index.d.ts'
[22:42:13.459] Adding entry into typings cache: 'safer-buffer' => '/home/alex/.cache/typescript/4.7/node_modules/@types/safer-buffer/index.d.ts'
[22:42:13.464] Adding entry into typings cache: 'serve-static' => '/home/alex/.cache/typescript/4.7/node_modules/@types/serve-static/index.d.ts'
[22:42:13.467] Adding entry into typings cache: 'sprintf-js' => '/home/alex/.cache/typescript/4.7/node_modules/@types/sprintf-js/index.d.ts'
[22:42:13.472] Adding entry into typings cache: 'sshpk' => '/home/alex/.cache/typescript/4.7/node_modules/@types/sshpk/index.d.ts'
[22:42:13.479] Adding entry into typings cache: 'swig' => '/home/alex/.cache/typescript/4.7/node_modules/@types/swig/index.d.ts'
[22:42:13.488] Adding entry into typings cache: 'tough-cookie' => '/home/alex/.cache/typescript/4.7/node_modules/@types/tough-cookie/index.d.ts'
[22:42:13.492] Adding entry into typings cache: 'type-is' => '/home/alex/.cache/typescript/4.7/node_modules/@types/type-is/index.d.ts'
[22:42:13.498] Adding entry into typings cache: 'underscore' => '/home/alex/.cache/typescript/4.7/node_modules/@types/underscore/index.d.ts'
[22:42:13.501] Adding entry into typings cache: 'underscore.string' => '/home/alex/.cache/typescript/4.7/node_modules/@types/underscore.string/index.d.ts'
[22:42:13.511] Adding entry into typings cache: 'util-deprecate' => '/home/alex/.cache/typescript/4.7/node_modules/@types/util-deprecate/index.d.ts'
[22:42:13.523] Adding entry into typings cache: 'uuid' => '/home/alex/.cache/typescript/4.7/node_modules/@types/uuid/index.d.ts'
[22:42:13.529] Adding entry into typings cache: 'verror' => '/home/alex/.cache/typescript/4.7/node_modules/@types/verror/index.d.ts'
[22:42:13.529] Finished processing cache location '/home/alex/.cache/typescript/4.7'
[22:42:13.530] Process id: 2660329
[22:42:13.531] NPM location: /usr/bin/npm (explicit '--npmLocation' not  provided)
[22:42:13.531] validateDefaultNpmLocation: false
[22:42:13.532] Npm config file: /home/alex/.cache/typescript/4.7/package.json
[22:42:13.532] Updating types-registry npm package...
[22:42:13.533] Exec: /usr/bin/npm install --ignore-scripts types-registry@latest
[22:42:17.449]     Succeeded. stdout:
    
    up to date, audited 81 packages in 2s

1 package is looking for funding
  run `npm fund` for details

found 0 vulnerabilities

[22:42:17.449] Updated types-registry npm package
